{
  "stats": {
    "suites": 12,
    "tests": 41,
    "passes": 11,
    "pending": 0,
    "failures": 30,
    "start": "2021-11-22T19:16:22.821Z",
    "end": "2021-11-22T19:18:53.642Z",
    "duration": 150821,
    "testsRegistered": 41,
    "passPercent": 26.82926829268293,
    "pendingPercent": 0,
    "other": 0,
    "hasOther": false,
    "skipped": 0,
    "hasSkipped": false
  },
  "results": [
    {
      "uuid": "e6ee9024-63d1-4474-8b99-45e677b067c4",
      "title": "",
      "fullFile": "cypress/integration/project.spec.js",
      "file": "cypress/integration/project.spec.js",
      "beforeHooks": [],
      "afterHooks": [],
      "tests": [],
      "suites": [
        {
          "uuid": "13b59196-1f32-4918-8b61-67adcf2737bf",
          "title": "1 - Adicione à página o título \"Paleta de Cores\".",
          "fullFile": "",
          "file": "",
          "beforeHooks": [],
          "afterHooks": [],
          "tests": [
            {
              "title": "Verifica se contém um elemento `h1` com o id `title` com o título correto",
              "fullTitle": "1 - Adicione à página o título \"Paleta de Cores\". Verifica se contém um elemento `h1` com o id `title` com o título correto",
              "timedOut": null,
              "duration": 654,
              "state": "passed",
              "speed": "slow",
              "pass": true,
              "fail": false,
              "pending": false,
              "context": null,
              "code": "cy.get('h1#title').should('contain.text', 'Paleta de Cores');",
              "err": {},
              "uuid": "8598529e-e25a-4950-a71b-8b6c8701f25b",
              "parentUUID": "13b59196-1f32-4918-8b61-67adcf2737bf",
              "isHook": false,
              "skipped": false
            }
          ],
          "suites": [],
          "passes": [
            "8598529e-e25a-4950-a71b-8b6c8701f25b"
          ],
          "failures": [],
          "pending": [],
          "skipped": [],
          "duration": 654,
          "root": false,
          "rootEmpty": false,
          "_timeout": 2000
        },
        {
          "uuid": "786eb65d-0615-4dcf-b96c-e6c47831fe8f",
          "title": "2 - Adicione à página uma paleta de quatro cores distintas.",
          "fullFile": "",
          "file": "",
          "beforeHooks": [],
          "afterHooks": [],
          "tests": [
            {
              "title": "A paleta de cores deve ser um elemento com `id` denominado `color-palette`",
              "fullTitle": "2 - Adicione à página uma paleta de quatro cores distintas. A paleta de cores deve ser um elemento com `id` denominado `color-palette`",
              "timedOut": null,
              "duration": 351,
              "state": "passed",
              "speed": "slow",
              "pass": true,
              "fail": false,
              "pending": false,
              "context": null,
              "code": "cy.get('#color-palette').should('be.visible');\ncy.get('#color-palette').children('.color');",
              "err": {},
              "uuid": "3dc750cd-3722-45dd-a29e-5909412dfdef",
              "parentUUID": "786eb65d-0615-4dcf-b96c-e6c47831fe8f",
              "isHook": false,
              "skipped": false
            },
            {
              "title": "Verifica se cada cor individual da paleta de cores possui a `classe` chamada `color`.",
              "fullTitle": "2 - Adicione à página uma paleta de quatro cores distintas. Verifica se cada cor individual da paleta de cores possui a `classe` chamada `color`.",
              "timedOut": null,
              "duration": 701,
              "state": "passed",
              "speed": "slow",
              "pass": true,
              "fail": false,
              "pending": false,
              "context": null,
              "code": "cy.get('.color').should('have.length', 4).then(function (colors) {\n  for (var i = 0; i < colors.length; i++) {\n    cy.wrap(colors[i]).should('be.visible');\n  }\n});",
              "err": {},
              "uuid": "eaccc539-60b6-4171-9034-b9754e0d66c3",
              "parentUUID": "786eb65d-0615-4dcf-b96c-e6c47831fe8f",
              "isHook": false,
              "skipped": false
            },
            {
              "title": "Verifica se a cor de fundo de cada elemento da paleta é a cor que o elemento representa. **A única cor não permitida na paleta é a cor branca.**",
              "fullTitle": "2 - Adicione à página uma paleta de quatro cores distintas. Verifica se a cor de fundo de cada elemento da paleta é a cor que o elemento representa. **A única cor não permitida na paleta é a cor branca.**",
              "timedOut": null,
              "duration": 505,
              "state": "passed",
              "speed": "slow",
              "pass": true,
              "fail": false,
              "pending": false,
              "context": null,
              "code": "cy.get('.color').each(function (color) {\n  cy.wrap(color).should('have.class', 'color').and('not.have.css', 'background-color', WHITE);\n  cy.wrap(color).should('have.css', 'background-color');\n});",
              "err": {},
              "uuid": "83f0d32b-f3ad-409c-94ef-ee9e1b96e9dc",
              "parentUUID": "786eb65d-0615-4dcf-b96c-e6c47831fe8f",
              "isHook": false,
              "skipped": false
            },
            {
              "title": "Verifica se cada elemento da paleta de cores tem uma borda preta, sólida e com 1 pixel de largura;",
              "fullTitle": "2 - Adicione à página uma paleta de quatro cores distintas. Verifica se cada elemento da paleta de cores tem uma borda preta, sólida e com 1 pixel de largura;",
              "timedOut": null,
              "duration": 356,
              "state": "passed",
              "speed": "slow",
              "pass": true,
              "fail": false,
              "pending": false,
              "context": null,
              "code": "cy.get('.color').each(function (color) {\n  cy.wrap(color).and('have.css', 'border', \"1px solid \".concat(BLACK)).and('have.class', 'color');\n});",
              "err": {},
              "uuid": "faad99c2-dc00-4e88-bc14-927e61ea599c",
              "parentUUID": "786eb65d-0615-4dcf-b96c-e6c47831fe8f",
              "isHook": false,
              "skipped": false
            },
            {
              "title": "Verifica se a paleta lista todas as cores disponíveis para utilização, lado a lado.",
              "fullTitle": "2 - Adicione à página uma paleta de quatro cores distintas. Verifica se a paleta lista todas as cores disponíveis para utilização, lado a lado.",
              "timedOut": null,
              "duration": 464,
              "state": "passed",
              "speed": "slow",
              "pass": true,
              "fail": false,
              "pending": false,
              "context": null,
              "code": "cy.get('.color').then(function (colors) {\n  for (var index = 1; index < colors.length; index += 1) {\n    var currentColor = colors[index];\n    var previousColor = colors[index - 1];\n    cy.wrap(currentColor).should('be.onTheRightOf', previousColor).and('be.horizontallyAlignedWith', previousColor);\n  }\n});",
              "err": {},
              "uuid": "d48f6bf4-cb2a-4598-ae3f-529a7c38a08f",
              "parentUUID": "786eb65d-0615-4dcf-b96c-e6c47831fe8f",
              "isHook": false,
              "skipped": false
            },
            {
              "title": "Verifica se a paleta de cores está posicionada abaixo do título 'Paleta de Cores'",
              "fullTitle": "2 - Adicione à página uma paleta de quatro cores distintas. Verifica se a paleta de cores está posicionada abaixo do título 'Paleta de Cores'",
              "timedOut": null,
              "duration": 362,
              "state": "passed",
              "speed": "slow",
              "pass": true,
              "fail": false,
              "pending": false,
              "context": null,
              "code": "cy.get('h1#title').then(function (title) {\n  cy.get('#color-palette').should('be.belowOf', title);\n});",
              "err": {},
              "uuid": "1032c31b-c8d3-41b8-ab39-408357f36143",
              "parentUUID": "786eb65d-0615-4dcf-b96c-e6c47831fe8f",
              "isHook": false,
              "skipped": false
            },
            {
              "title": "Verifica se a paleta de cores não contém cores repetidas.",
              "fullTitle": "2 - Adicione à página uma paleta de quatro cores distintas. Verifica se a paleta de cores não contém cores repetidas.",
              "timedOut": null,
              "duration": 360,
              "state": "passed",
              "speed": "slow",
              "pass": true,
              "fail": false,
              "pending": false,
              "context": null,
              "code": "cy.get('.color').then(function (colors) {\n  var allColors = Array.from(colors).map(function (color) {\n    return Cypress.$(color).css('background-color');\n  });\n  cy.log(allColors);\n  var uniqColors = (0, _toConsumableArray2[\"default\"])(new Set(allColors));\n  cy.log(uniqColors);\n  expect(allColors.length).to.eq(uniqColors.length);\n});",
              "err": {},
              "uuid": "fe1b77b0-0399-491c-9077-7b29c5f71fb0",
              "parentUUID": "786eb65d-0615-4dcf-b96c-e6c47831fe8f",
              "isHook": false,
              "skipped": false
            }
          ],
          "suites": [],
          "passes": [
            "3dc750cd-3722-45dd-a29e-5909412dfdef",
            "eaccc539-60b6-4171-9034-b9754e0d66c3",
            "83f0d32b-f3ad-409c-94ef-ee9e1b96e9dc",
            "faad99c2-dc00-4e88-bc14-927e61ea599c",
            "d48f6bf4-cb2a-4598-ae3f-529a7c38a08f",
            "1032c31b-c8d3-41b8-ab39-408357f36143",
            "fe1b77b0-0399-491c-9077-7b29c5f71fb0"
          ],
          "failures": [],
          "pending": [],
          "skipped": [],
          "duration": 3099,
          "root": false,
          "rootEmpty": false,
          "_timeout": 2000
        },
        {
          "uuid": "dd0d3925-d1e0-414b-b085-3c9e058831cd",
          "title": "3 - Adicione a cor **preta** como a primeira cor da paleta de cores.",
          "fullFile": "",
          "file": "",
          "beforeHooks": [],
          "afterHooks": [],
          "tests": [
            {
              "title": "Verifica se a primeira cor da paleta é preta",
              "fullTitle": "3 - Adicione a cor **preta** como a primeira cor da paleta de cores. Verifica se a primeira cor da paleta é preta",
              "timedOut": null,
              "duration": 523,
              "state": "passed",
              "speed": "slow",
              "pass": true,
              "fail": false,
              "pending": false,
              "context": null,
              "code": "cy.get('.color').first().should('have.css', 'background-color', BLACK);",
              "err": {},
              "uuid": "edd7b70c-8c03-49cb-b0e8-a469dacfb8b8",
              "parentUUID": "dd0d3925-d1e0-414b-b085-3c9e058831cd",
              "isHook": false,
              "skipped": false
            },
            {
              "title": "Verifica se as demais cores podem ser escolhidas livremente.",
              "fullTitle": "3 - Adicione a cor **preta** como a primeira cor da paleta de cores. Verifica se as demais cores podem ser escolhidas livremente.",
              "timedOut": null,
              "duration": 1186,
              "state": "passed",
              "speed": "slow",
              "pass": true,
              "fail": false,
              "pending": false,
              "context": null,
              "code": "cy.get('.color').eq(1).should('not.have.css', 'background-color', BLACK);\ncy.get('.color').eq(1).should('not.have.css', 'background-color', WHITE);\ncy.get('.color').eq(1).should('not.have.css', 'background-color', 'rgba(0, 0, 0, 0)');\ncy.get('.color').eq(1).should('have.css', 'background-color');\ncy.get('.color').eq(2).should('not.have.css', 'background-color', BLACK);\ncy.get('.color').eq(2).should('not.have.css', 'background-color', WHITE);\ncy.get('.color').eq(2).should('not.have.css', 'background-color', 'rgba(0, 0, 0, 0)');\ncy.get('.color').eq(2).should('have.css', 'background-color');\ncy.get('.color').eq(3).should('not.have.css', 'background-color', BLACK);\ncy.get('.color').eq(3).should('not.have.css', 'background-color', WHITE);\ncy.get('.color').eq(3).should('not.have.css', 'background-color', 'rgba(0, 0, 0, 0)');\ncy.get('.color').eq(3).should('have.css', 'background-color');",
              "err": {},
              "uuid": "9b631bc2-1778-4fd4-bf7b-0cd3c30862f3",
              "parentUUID": "dd0d3925-d1e0-414b-b085-3c9e058831cd",
              "isHook": false,
              "skipped": false
            }
          ],
          "suites": [],
          "passes": [
            "edd7b70c-8c03-49cb-b0e8-a469dacfb8b8",
            "9b631bc2-1778-4fd4-bf7b-0cd3c30862f3"
          ],
          "failures": [],
          "pending": [],
          "skipped": [],
          "duration": 1709,
          "root": false,
          "rootEmpty": false,
          "_timeout": 2000
        },
        {
          "uuid": "8f92fe1d-a5d8-4800-b55e-8b19ee0fb274",
          "title": "4 - Adicione à página um quadro de pixels, com 25 pixels.",
          "fullFile": "",
          "file": "",
          "beforeHooks": [],
          "afterHooks": [],
          "tests": [
            {
              "title": "Verifica se o quadro de pixels possui o `id` denominado `pixel-board`",
              "fullTitle": "4 - Adicione à página um quadro de pixels, com 25 pixels. Verifica se o quadro de pixels possui o `id` denominado `pixel-board`",
              "timedOut": null,
              "duration": 4802,
              "state": "failed",
              "speed": null,
              "pass": false,
              "fail": true,
              "pending": false,
              "context": null,
              "code": "cy.get('#pixel-board').should('be.visible');",
              "err": {
                "message": "CypressError: Timed out retrying: Expected to find element: '#pixel-board', but never found it.",
                "estack": "CypressError: Timed out retrying: Expected to find element: '#pixel-board', but never found it.\n    at cypressErr (http://localhost:65482/__cypress/runner/cypress_runner.js:149934:9)\n    at throwErr (http://localhost:65482/__cypress/runner/cypress_runner.js:149867:11)\n    at Object.throwErrByPath (http://localhost:65482/__cypress/runner/cypress_runner.js:149915:3)\n    at retry (http://localhost:65482/__cypress/runner/cypress_runner.js:144197:19)\n    at onFailFn (http://localhost:65482/__cypress/runner/cypress_runner.js:132448:16)\n    at tryCatcher (http://localhost:65482/__cypress/runner/cypress_runner.js:167415:23)\n    at Promise._settlePromiseFromHandler (http://localhost:65482/__cypress/runner/cypress_runner.js:165351:31)\n    at Promise._settlePromise (http://localhost:65482/__cypress/runner/cypress_runner.js:165408:18)\n    at Promise._settlePromise0 (http://localhost:65482/__cypress/runner/cypress_runner.js:165453:10)\n    at Promise._settlePromises (http://localhost:65482/__cypress/runner/cypress_runner.js:165528:18)\n    at Async../node_modules/bluebird/js/release/async.js.Async._drainQueue (http://localhost:65482/__cypress/runner/cypress_runner.js:162140:16)\n    at Async../node_modules/bluebird/js/release/async.js.Async._drainQueues (http://localhost:65482/__cypress/runner/cypress_runner.js:162150:10)\n    at Async.drainQueues (http://localhost:65482/__cypress/runner/cypress_runner.js:162024:14)",
                "diff": null
              },
              "uuid": "feaa25bf-aff0-49ed-9cfe-b053dbcf0856",
              "parentUUID": "8f92fe1d-a5d8-4800-b55e-8b19ee0fb274",
              "isHook": false,
              "skipped": false
            },
            {
              "title": "Verifica se cada pixel individual dentro do quadro possui a `classe` denominada `pixel`.",
              "fullTitle": "4 - Adicione à página um quadro de pixels, com 25 pixels. Verifica se cada pixel individual dentro do quadro possui a `classe` denominada `pixel`.",
              "timedOut": null,
              "duration": 5147,
              "state": "failed",
              "speed": null,
              "pass": false,
              "fail": true,
              "pending": false,
              "context": null,
              "code": "cy.get('.pixel').should('have.length', 25);",
              "err": {
                "message": "CypressError: Timed out retrying: Expected to find element: '.pixel', but never found it.",
                "estack": "CypressError: Timed out retrying: Expected to find element: '.pixel', but never found it.\n    at cypressErr (http://localhost:65482/__cypress/runner/cypress_runner.js:149934:9)\n    at throwErr (http://localhost:65482/__cypress/runner/cypress_runner.js:149867:11)\n    at Object.throwErrByPath (http://localhost:65482/__cypress/runner/cypress_runner.js:149915:3)\n    at retry (http://localhost:65482/__cypress/runner/cypress_runner.js:144197:19)\n    at onFailFn (http://localhost:65482/__cypress/runner/cypress_runner.js:132448:16)\n    at tryCatcher (http://localhost:65482/__cypress/runner/cypress_runner.js:167415:23)\n    at Promise._settlePromiseFromHandler (http://localhost:65482/__cypress/runner/cypress_runner.js:165351:31)\n    at Promise._settlePromise (http://localhost:65482/__cypress/runner/cypress_runner.js:165408:18)\n    at Promise._settlePromise0 (http://localhost:65482/__cypress/runner/cypress_runner.js:165453:10)\n    at Promise._settlePromises (http://localhost:65482/__cypress/runner/cypress_runner.js:165528:18)\n    at Async../node_modules/bluebird/js/release/async.js.Async._drainQueue (http://localhost:65482/__cypress/runner/cypress_runner.js:162140:16)\n    at Async../node_modules/bluebird/js/release/async.js.Async._drainQueues (http://localhost:65482/__cypress/runner/cypress_runner.js:162150:10)\n    at Async.drainQueues (http://localhost:65482/__cypress/runner/cypress_runner.js:162024:14)",
                "diff": null
              },
              "uuid": "92d96afc-ef6e-49ab-9c0f-145d19f73c08",
              "parentUUID": "8f92fe1d-a5d8-4800-b55e-8b19ee0fb274",
              "isHook": false,
              "skipped": false
            },
            {
              "title": "Verifica se a cor inicial dos pixels dentro do quadro, ao abrir a página, é branca.",
              "fullTitle": "4 - Adicione à página um quadro de pixels, com 25 pixels. Verifica se a cor inicial dos pixels dentro do quadro, ao abrir a página, é branca.",
              "timedOut": null,
              "duration": 4998,
              "state": "failed",
              "speed": null,
              "pass": false,
              "fail": true,
              "pending": false,
              "context": null,
              "code": "cy.get('.pixel').should('have.length', 25).each(function (pixel) {\n  expect(pixel).to.have.css('background-color', WHITE);\n});",
              "err": {
                "message": "CypressError: Timed out retrying: Expected to find element: '.pixel', but never found it.",
                "estack": "CypressError: Timed out retrying: Expected to find element: '.pixel', but never found it.\n    at cypressErr (http://localhost:65482/__cypress/runner/cypress_runner.js:149934:9)\n    at throwErr (http://localhost:65482/__cypress/runner/cypress_runner.js:149867:11)\n    at Object.throwErrByPath (http://localhost:65482/__cypress/runner/cypress_runner.js:149915:3)\n    at retry (http://localhost:65482/__cypress/runner/cypress_runner.js:144197:19)\n    at onFailFn (http://localhost:65482/__cypress/runner/cypress_runner.js:132448:16)\n    at tryCatcher (http://localhost:65482/__cypress/runner/cypress_runner.js:167415:23)\n    at Promise._settlePromiseFromHandler (http://localhost:65482/__cypress/runner/cypress_runner.js:165351:31)\n    at Promise._settlePromise (http://localhost:65482/__cypress/runner/cypress_runner.js:165408:18)\n    at Promise._settlePromise0 (http://localhost:65482/__cypress/runner/cypress_runner.js:165453:10)\n    at Promise._settlePromises (http://localhost:65482/__cypress/runner/cypress_runner.js:165528:18)\n    at Async../node_modules/bluebird/js/release/async.js.Async._drainQueue (http://localhost:65482/__cypress/runner/cypress_runner.js:162140:16)\n    at Async../node_modules/bluebird/js/release/async.js.Async._drainQueues (http://localhost:65482/__cypress/runner/cypress_runner.js:162150:10)\n    at Async.drainQueues (http://localhost:65482/__cypress/runner/cypress_runner.js:162024:14)",
                "diff": null
              },
              "uuid": "940fd333-367c-4995-a9de-97662f38b9bf",
              "parentUUID": "8f92fe1d-a5d8-4800-b55e-8b19ee0fb274",
              "isHook": false,
              "skipped": false
            },
            {
              "title": "Verifica se o quadro de pixels aparece abaixo da paleta de cores",
              "fullTitle": "4 - Adicione à página um quadro de pixels, com 25 pixels. Verifica se o quadro de pixels aparece abaixo da paleta de cores",
              "timedOut": null,
              "duration": 4796,
              "state": "failed",
              "speed": null,
              "pass": false,
              "fail": true,
              "pending": false,
              "context": null,
              "code": "cy.get('#color-palette').then(function (palette) {\n  cy.get('#pixel-board').should('be.belowOf', palette);\n});",
              "err": {
                "message": "CypressError: Timed out retrying: Expected to find element: '#pixel-board', but never found it.",
                "estack": "CypressError: Timed out retrying: Expected to find element: '#pixel-board', but never found it.\n    at cypressErr (http://localhost:65482/__cypress/runner/cypress_runner.js:149934:9)\n    at throwErr (http://localhost:65482/__cypress/runner/cypress_runner.js:149867:11)\n    at Object.throwErrByPath (http://localhost:65482/__cypress/runner/cypress_runner.js:149915:3)\n    at retry (http://localhost:65482/__cypress/runner/cypress_runner.js:144197:19)\n    at onFailFn (http://localhost:65482/__cypress/runner/cypress_runner.js:132448:16)\n    at tryCatcher (http://localhost:65482/__cypress/runner/cypress_runner.js:167415:23)\n    at Promise._settlePromiseFromHandler (http://localhost:65482/__cypress/runner/cypress_runner.js:165351:31)\n    at Promise._settlePromise (http://localhost:65482/__cypress/runner/cypress_runner.js:165408:18)\n    at Promise._settlePromise0 (http://localhost:65482/__cypress/runner/cypress_runner.js:165453:10)\n    at Promise._settlePromises (http://localhost:65482/__cypress/runner/cypress_runner.js:165528:18)\n    at Async../node_modules/bluebird/js/release/async.js.Async._drainQueue (http://localhost:65482/__cypress/runner/cypress_runner.js:162140:16)\n    at Async../node_modules/bluebird/js/release/async.js.Async._drainQueues (http://localhost:65482/__cypress/runner/cypress_runner.js:162150:10)\n    at Async.drainQueues (http://localhost:65482/__cypress/runner/cypress_runner.js:162024:14)",
                "diff": null
              },
              "uuid": "390e0e96-3be6-4e5c-96dc-de881f098a11",
              "parentUUID": "8f92fe1d-a5d8-4800-b55e-8b19ee0fb274",
              "isHook": false,
              "skipped": false
            }
          ],
          "suites": [],
          "passes": [],
          "failures": [
            "feaa25bf-aff0-49ed-9cfe-b053dbcf0856",
            "92d96afc-ef6e-49ab-9c0f-145d19f73c08",
            "940fd333-367c-4995-a9de-97662f38b9bf",
            "390e0e96-3be6-4e5c-96dc-de881f098a11"
          ],
          "pending": [],
          "skipped": [],
          "duration": 19743,
          "root": false,
          "rootEmpty": false,
          "_timeout": 2000
        },
        {
          "uuid": "33d397d8-432c-4620-b5c0-29dfa9dfd7c0",
          "title": "5 - Faça com que cada elemento do quadro de pixels possua 40 pixels de largura, 40 pixels de altura e seja delimitado por uma borda preta de 1 pixel.",
          "fullFile": "",
          "file": "",
          "beforeHooks": [],
          "afterHooks": [],
          "tests": [
            {
              "title": "Verifica se o quadro de pixels tem altura e comprimento de 5 elementos",
              "fullTitle": "5 - Faça com que cada elemento do quadro de pixels possua 40 pixels de largura, 40 pixels de altura e seja delimitado por uma borda preta de 1 pixel. Verifica se o quadro de pixels tem altura e comprimento de 5 elementos",
              "timedOut": null,
              "duration": 5254,
              "state": "failed",
              "speed": null,
              "pass": false,
              "fail": true,
              "pending": false,
              "context": null,
              "code": "cy.get('.pixel').should('have.length', 25).each(function (pixel) {\n  expect(pixel).to.have.css('background-color', WHITE);\n}).and(function (pixels) {\n  var rows = chunk(pixels, 5);\n  rows.forEach(function (row) {\n    for (var index = 1; index < row.length; index += 1) {\n      var current = pixels[index];\n      var previous = pixels[index - 1];\n      cy.wrap(current).should('be.onTheRightOf', previous).and('be.horizontallyAlignedWith', previous);\n    }\n  });\n  for (var index = 1; index < 5; index += 1) {\n    expect(pixels[index * 5]).to.be.belowOf(pixels[(index - 1) * 5]);\n  }\n});",
              "err": {
                "message": "CypressError: Timed out retrying: Expected to find element: '.pixel', but never found it.",
                "estack": "CypressError: Timed out retrying: Expected to find element: '.pixel', but never found it.\n    at cypressErr (http://localhost:65482/__cypress/runner/cypress_runner.js:149934:9)\n    at throwErr (http://localhost:65482/__cypress/runner/cypress_runner.js:149867:11)\n    at Object.throwErrByPath (http://localhost:65482/__cypress/runner/cypress_runner.js:149915:3)\n    at retry (http://localhost:65482/__cypress/runner/cypress_runner.js:144197:19)\n    at onFailFn (http://localhost:65482/__cypress/runner/cypress_runner.js:132448:16)\n    at tryCatcher (http://localhost:65482/__cypress/runner/cypress_runner.js:167415:23)\n    at Promise._settlePromiseFromHandler (http://localhost:65482/__cypress/runner/cypress_runner.js:165351:31)\n    at Promise._settlePromise (http://localhost:65482/__cypress/runner/cypress_runner.js:165408:18)\n    at Promise._settlePromise0 (http://localhost:65482/__cypress/runner/cypress_runner.js:165453:10)\n    at Promise._settlePromises (http://localhost:65482/__cypress/runner/cypress_runner.js:165528:18)\n    at Async../node_modules/bluebird/js/release/async.js.Async._drainQueue (http://localhost:65482/__cypress/runner/cypress_runner.js:162140:16)\n    at Async../node_modules/bluebird/js/release/async.js.Async._drainQueues (http://localhost:65482/__cypress/runner/cypress_runner.js:162150:10)\n    at Async.drainQueues (http://localhost:65482/__cypress/runner/cypress_runner.js:162024:14)",
                "diff": null
              },
              "uuid": "44188979-d76e-419f-8492-dba6b5c8e715",
              "parentUUID": "33d397d8-432c-4620-b5c0-29dfa9dfd7c0",
              "isHook": false,
              "skipped": false
            },
            {
              "title": "Verifica se 40 pixels é o tamanho total do elemento, incluindo seu conteúdo e excluindo a borda preta, que deve ser criada à parte.",
              "fullTitle": "5 - Faça com que cada elemento do quadro de pixels possua 40 pixels de largura, 40 pixels de altura e seja delimitado por uma borda preta de 1 pixel. Verifica se 40 pixels é o tamanho total do elemento, incluindo seu conteúdo e excluindo a borda preta, que deve ser criada à parte.",
              "timedOut": null,
              "duration": 4742,
              "state": "failed",
              "speed": null,
              "pass": false,
              "fail": true,
              "pending": false,
              "context": null,
              "code": "cy.get('.pixel').each(function (pixel) {\n  cy.wrap(pixel).should('have.css', 'height', '40px').and('have.css', 'width', '40px').and('have.css', 'border', \"1px solid \".concat(BLACK));\n});",
              "err": {
                "message": "CypressError: Timed out retrying: Expected to find element: '.pixel', but never found it.",
                "estack": "CypressError: Timed out retrying: Expected to find element: '.pixel', but never found it.\n    at cypressErr (http://localhost:65482/__cypress/runner/cypress_runner.js:149934:9)\n    at throwErr (http://localhost:65482/__cypress/runner/cypress_runner.js:149867:11)\n    at Object.throwErrByPath (http://localhost:65482/__cypress/runner/cypress_runner.js:149915:3)\n    at retry (http://localhost:65482/__cypress/runner/cypress_runner.js:144197:19)\n    at onFailFn (http://localhost:65482/__cypress/runner/cypress_runner.js:132448:16)\n    at tryCatcher (http://localhost:65482/__cypress/runner/cypress_runner.js:167415:23)\n    at Promise._settlePromiseFromHandler (http://localhost:65482/__cypress/runner/cypress_runner.js:165351:31)\n    at Promise._settlePromise (http://localhost:65482/__cypress/runner/cypress_runner.js:165408:18)\n    at Promise._settlePromise0 (http://localhost:65482/__cypress/runner/cypress_runner.js:165453:10)\n    at Promise._settlePromises (http://localhost:65482/__cypress/runner/cypress_runner.js:165528:18)\n    at Async../node_modules/bluebird/js/release/async.js.Async._drainQueue (http://localhost:65482/__cypress/runner/cypress_runner.js:162140:16)\n    at Async../node_modules/bluebird/js/release/async.js.Async._drainQueues (http://localhost:65482/__cypress/runner/cypress_runner.js:162150:10)\n    at Async.drainQueues (http://localhost:65482/__cypress/runner/cypress_runner.js:162024:14)",
                "diff": null
              },
              "uuid": "74872205-c676-4b21-9c8f-c9ae0061c0b8",
              "parentUUID": "33d397d8-432c-4620-b5c0-29dfa9dfd7c0",
              "isHook": false,
              "skipped": false
            }
          ],
          "suites": [],
          "passes": [],
          "failures": [
            "44188979-d76e-419f-8492-dba6b5c8e715",
            "74872205-c676-4b21-9c8f-c9ae0061c0b8"
          ],
          "pending": [],
          "skipped": [],
          "duration": 9996,
          "root": false,
          "rootEmpty": false,
          "_timeout": 2000
        },
        {
          "uuid": "cdc0a254-2430-4b7b-9807-4dddb00b09d0",
          "title": "6 - Defina a cor preta como cor inicial. Ao carregar a página a cor preta já deve estar selecionada para pintar os pixels",
          "fullFile": "",
          "file": "",
          "beforeHooks": [],
          "afterHooks": [],
          "tests": [
            {
              "title": "Verifica se o elemento da cor preta possui, inicialmente, a `classe` `selected`",
              "fullTitle": "6 - Defina a cor preta como cor inicial. Ao carregar a página a cor preta já deve estar selecionada para pintar os pixels Verifica se o elemento da cor preta possui, inicialmente, a `classe` `selected`",
              "timedOut": null,
              "duration": 4967,
              "state": "failed",
              "speed": null,
              "pass": false,
              "fail": true,
              "pending": false,
              "context": null,
              "code": "cy.get('.selected').first().should('have.css', 'background-color', BLACK);",
              "err": {
                "message": "CypressError: Timed out retrying: Expected to find element: '.selected', but never found it.",
                "estack": "CypressError: Timed out retrying: Expected to find element: '.selected', but never found it.\n    at cypressErr (http://localhost:65482/__cypress/runner/cypress_runner.js:149934:9)\n    at throwErr (http://localhost:65482/__cypress/runner/cypress_runner.js:149867:11)\n    at Object.throwErrByPath (http://localhost:65482/__cypress/runner/cypress_runner.js:149915:3)\n    at retry (http://localhost:65482/__cypress/runner/cypress_runner.js:144197:19)\n    at onFailFn (http://localhost:65482/__cypress/runner/cypress_runner.js:132448:16)\n    at tryCatcher (http://localhost:65482/__cypress/runner/cypress_runner.js:167415:23)\n    at Promise._settlePromiseFromHandler (http://localhost:65482/__cypress/runner/cypress_runner.js:165351:31)\n    at Promise._settlePromise (http://localhost:65482/__cypress/runner/cypress_runner.js:165408:18)\n    at Promise._settlePromise0 (http://localhost:65482/__cypress/runner/cypress_runner.js:165453:10)\n    at Promise._settlePromises (http://localhost:65482/__cypress/runner/cypress_runner.js:165528:18)\n    at Async../node_modules/bluebird/js/release/async.js.Async._drainQueue (http://localhost:65482/__cypress/runner/cypress_runner.js:162140:16)\n    at Async../node_modules/bluebird/js/release/async.js.Async._drainQueues (http://localhost:65482/__cypress/runner/cypress_runner.js:162150:10)\n    at Async.drainQueues (http://localhost:65482/__cypress/runner/cypress_runner.js:162024:14)",
                "diff": null
              },
              "uuid": "9fae8b5c-7740-4700-8aa1-902e6f75c764",
              "parentUUID": "cdc0a254-2430-4b7b-9807-4dddb00b09d0",
              "isHook": false,
              "skipped": false
            },
            {
              "title": "Verifica se nenhuma outra cor da paleta tem a `classe` `selected`",
              "fullTitle": "6 - Defina a cor preta como cor inicial. Ao carregar a página a cor preta já deve estar selecionada para pintar os pixels Verifica se nenhuma outra cor da paleta tem a `classe` `selected`",
              "timedOut": null,
              "duration": 389,
              "state": "passed",
              "speed": "slow",
              "pass": true,
              "fail": false,
              "pending": false,
              "context": null,
              "code": "cy.get('.color:not(:first-child)').each(function (color) {\n  cy.wrap(color).should('not.have.class', 'selected');\n});",
              "err": {},
              "uuid": "22ccc661-1fd4-49dc-9bcf-f5cde3d30fd0",
              "parentUUID": "cdc0a254-2430-4b7b-9807-4dddb00b09d0",
              "isHook": false,
              "skipped": false
            }
          ],
          "suites": [],
          "passes": [
            "22ccc661-1fd4-49dc-9bcf-f5cde3d30fd0"
          ],
          "failures": [
            "9fae8b5c-7740-4700-8aa1-902e6f75c764"
          ],
          "pending": [],
          "skipped": [],
          "duration": 5356,
          "root": false,
          "rootEmpty": false,
          "_timeout": 2000
        },
        {
          "uuid": "2ccb56fc-1a2c-4cb9-bc31-91b964cf7ad5",
          "title": "7 - Clicar em uma das cores da paleta, faz com que ela seja selecionada e utilizada para preencher os pixels no quadro.",
          "fullFile": "",
          "file": "",
          "beforeHooks": [],
          "afterHooks": [],
          "tests": [
            {
              "title": "Verifica se somente uma cor da paleta de cores tem a classe `selected` de cada vez",
              "fullTitle": "7 - Clicar em uma das cores da paleta, faz com que ela seja selecionada e utilizada para preencher os pixels no quadro. Verifica se somente uma cor da paleta de cores tem a classe `selected` de cada vez",
              "timedOut": null,
              "duration": 1044,
              "state": "failed",
              "speed": null,
              "pass": false,
              "fail": true,
              "pending": false,
              "context": null,
              "code": "cy.get('.color').each(function (selectedColor, selectedColorIndex) {\n  cy.wrap(selectedColor).click();\n  cy.get('.color').each(function (color, colorIndex) {\n    if (colorIndex === selectedColorIndex) {\n      expect(color).to.have[\"class\"]('selected');\n    } else {\n      expect(color).not.to.have[\"class\"]('selected');\n    }\n  });\n});",
              "err": {
                "message": "AssertionError: expected '<div#cor1.color>' to have class 'selected'",
                "estack": "AssertionError: expected '<div#cor1.color>' to have class 'selected'\n    at callback (http://localhost:65482/__cypress/runner/cypress_runner.js:136947:20)\n    at getRet (http://localhost:65482/__cypress/runner/cypress_runner.js:136585:16)\n    at tryCatcher (http://localhost:65482/__cypress/runner/cypress_runner.js:167415:23)\n    at Function.Promise.attempt.Promise.try (http://localhost:65482/__cypress/runner/cypress_runner.js:164690:29)\n    at thenFn (http://localhost:65482/__cypress/runner/cypress_runner.js:136599:23)\n    at yieldItem (http://localhost:65482/__cypress/runner/cypress_runner.js:136954:16)\n    at tryCatcher (http://localhost:65482/__cypress/runner/cypress_runner.js:167415:23)\n    at Object.gotValue (http://localhost:65482/__cypress/runner/cypress_runner.js:166557:18)\n    at Object.gotAccum (http://localhost:65482/__cypress/runner/cypress_runner.js:166546:25)\n    at Object.tryCatcher (http://localhost:65482/__cypress/runner/cypress_runner.js:167415:23)\n    at Promise._settlePromiseFromHandler (http://localhost:65482/__cypress/runner/cypress_runner.js:165351:31)\n    at Promise._settlePromise (http://localhost:65482/__cypress/runner/cypress_runner.js:165408:18)\n    at Promise._settlePromiseCtx (http://localhost:65482/__cypress/runner/cypress_runner.js:165445:10)\n    at Async../node_modules/bluebird/js/release/async.js.Async._drainQueue (http://localhost:65482/__cypress/runner/cypress_runner.js:162145:12)\n    at Async../node_modules/bluebird/js/release/async.js.Async._drainQueues (http://localhost:65482/__cypress/runner/cypress_runner.js:162150:10)\n    at Async.drainQueues (http://localhost:65482/__cypress/runner/cypress_runner.js:162024:14)",
                "diff": "- { '0': <div id=\"cor1\" class=\"color\"></div>,\n-   length: 1,\n-   jquery: '3.1.1',\n-   constructor: \n-    { [Function: jQuery]\n-      fn: \n-       { jquery: '3.1.1',\n-         constructor: [Circular],\n-         length: 0,\n-         toArray: [Function: toArray],\n-         get: [Function: get],\n-         pushStack: [Function: pushStack],\n-         each: [Function: each],\n-         map: [Function: map],\n-         slice: [Function: slice],\n-         first: [Function: first],\n-         last: [Function: last],\n-         eq: [Function: eq],\n-         end: [Function: end],\n-         push: [Function: push],\n-         sort: [Function: sort],\n-         splice: [Function: splice],\n-         extend: [Function],\n-         find: [Function: find],\n-         filter: [Function: filter],\n-         not: [Function: not],\n-         is: [Function: is],\n-         init: [Function],\n-         has: [Function: has],\n-         closest: [Function: closest],\n-         index: [Function: index],\n-         add: [Function: add],\n-         addBack: [Function: addBack],\n-         parent: [Function],\n-         parents: [Function],\n-         parentsUntil: [Function],\n-         next: [Function],\n-         prev: [Function],\n-         nextAll: [Function],\n-         prevAll: [Function],\n-         nextUntil: [Function],\n-         prevUntil: [Function],\n-         siblings: [Function],\n-         children: [Function],\n-         contents: [Function],\n-         ready: [Function],\n-         data: [Function: data],\n-         removeData: [Function: removeData],\n-         queue: [Function: queue],\n-         dequeue: [Function: dequeue],\n-         clearQueue: [Function: clearQueue],\n-         promise: [Function: promise],\n-         show: [Function],\n-         hide: [Function],\n-         toggle: [Function],\n-         on: [Function: on],\n-         one: [Function: one],\n-         off: [Function: off],\n-         detach: [Function: detach],\n-         remove: [Function: remove],\n-         text: [Function: text],\n-         append: [Function: append],\n-         prepend: [Function: prepend],\n-         before: [Function: before],\n-         after: [Function: after],\n-         empty: [Function: empty],\n-         clone: [Function: clone],\n-         html: [Function: html],\n-         replaceWith: [Function: replaceWith],\n-         appendTo: [Function],\n-         prependTo: [Function],\n-         insertBefore: [Function],\n-         insertAfter: [Function],\n-         replaceAll: [Function],\n-         css: [Function: css],\n-         fadeTo: [Function: fadeTo],\n-         animate: [Function: animate],\n-         stop: [Function: stop],\n-         finish: [Function: finish],\n-         slideDown: [Function],\n-         slideUp: [Function],\n-         slideToggle: [Function],\n-         fadeIn: [Function],\n-         fadeOut: [Function],\n-         fadeToggle: [Function],\n-         delay: [Function],\n-         attr: [Function: attr],\n-         removeAttr: [Function: removeAttr],\n-         prop: [Function: prop],\n-         removeProp: [Function: removeProp],\n-         addClass: [Function: addClass],\n-         removeClass: [Function: removeClass],\n-         toggleClass: [Function: toggleClass],\n-         hasClass: [Function: hasClass],\n-         val: [Function: val],\n-         trigger: [Function: trigger],\n-         triggerHandler: [Function: triggerHandler],\n-         blur: [Function],\n-         focus: [Function],\n-         focusin: [Function],\n-         focusout: [Function],\n-         resize: [Function],\n-         scroll: [Function],\n-         click: [Function],\n-         dblclick: [Function],\n-         mousedown: [Function],\n-         mouseup: [Function],\n-         mousemove: [Function],\n-         mouseover: [Function],\n-         mouseout: [Function],\n-         mouseenter: [Function],\n-         mouseleave: [Function],\n-         change: [Function],\n-         select: [Function],\n-         submit: [Function],\n-         keydown: [Function],\n-         keypress: [Function],\n-         keyup: [Function],\n-         contextmenu: [Function],\n-         hover: [Function: hover],\n-         serialize: [Function: serialize],\n-         serializeArray: [Function: serializeArray],\n-         wrapAll: [Function: wrapAll],\n-         wrapInner: [Function: wrapInner],\n-         wrap: [Function: wrap],\n-         unwrap: [Function: unwrap],\n-         load: [Function],\n-         ajaxStart: [Function],\n-         ajaxStop: [Function],\n-         ajaxComplete: [Function],\n-         ajaxError: [Function],\n-         ajaxSuccess: [Function],\n-         ajaxSend: [Function],\n-         offset: [Function: offset],\n-         position: [Function: position],\n-         offsetParent: [Function: offsetParent],\n-         scrollLeft: [Function],\n-         scrollTop: [Function],\n-         innerHeight: [Function],\n-         height: [Function],\n-         outerHeight: [Function],\n-         innerWidth: [Function],\n-         width: [Function],\n-         outerWidth: [Function],\n-         bind: [Function: bind],\n-         unbind: [Function: unbind],\n-         delegate: [Function: delegate],\n-         undelegate: [Function: undelegate],\n-         scrollTo: [Function] },\n-      extend: [Function],\n-      expando: 'jQuery31103591157063683541',\n-      isReady: true,\n-      error: [Function: error],\n-      noop: [Function: noop],\n-      isFunction: [Function: isFunction],\n-      isArray: [Function: isArray],\n-      isWindow: [Function: isWindow],\n-      isNumeric: [Function: isNumeric],\n-      isPlainObject: [Function: isPlainObject],\n-      isEmptyObject: [Function: isEmptyObject],\n-      type: [Function: type],\n-      globalEval: [Function: globalEval],\n-      camelCase: [Function: camelCase],\n-      nodeName: [Function: nodeName],\n-      each: [Function: each],\n-      trim: [Function: trim],\n-      makeArray: [Function: makeArray],\n-      inArray: [Function: inArray],\n-      merge: [Function: merge],\n-      grep: [Function: grep],\n-      map: [Function: map],\n-      guid: 7,\n-      proxy: [Function: proxy],\n-      now: [Function: now],\n-      support: \n-       { checkClone: true,\n-         noCloneChecked: true,\n-         clearCloneStyle: true,\n-         pixelPosition: [Function: pixelPosition],\n-         boxSizingReliable: [Function: boxSizingReliable],\n-         pixelMarginRight: [Function: pixelMarginRight],\n-         reliableMarginLeft: [Function: reliableMarginLeft],\n-         checkOn: true,\n-         optSelected: true,\n-         radioValue: true,\n-         focusin: false,\n-         cors: true,\n-         ajax: true,\n-         createHTMLDocument: true },\n-      find: \n-       { [Function: Sizzle]\n-         support: [Object],\n-         isXML: [Function],\n-         setDocument: [Function],\n-         matches: [Function],\n-         matchesSelector: [Function],\n-         contains: [Function],\n-         attr: [Function],\n-         escape: [Function],\n-         error: [Function],\n-         uniqueSort: [Function],\n-         getText: [Function],\n-         selectors: [Object],\n-         tokenize: [Function],\n-         compile: [Function],\n-         select: [Function] },\n-      expr: \n-       { cacheLength: 1,\n-         createPseudo: [Function: markFunction],\n-         match: [Object],\n-         attrHandle: [Object],\n-         find: [Object],\n-         relative: [Object],\n-         preFilter: [Object],\n-         filter: [Object],\n-         pseudos: [Object],\n-         filters: [Object],\n-         setFilters: [Object],\n-         ':': [Object] },\n-      unique: [Function],\n-      uniqueSort: [Function],\n-      text: [Function],\n-      isXMLDoc: [Function],\n-      contains: [Function],\n-      escapeSelector: [Function],\n-      filter: [Function],\n-      Callbacks: [Function],\n-      Deferred: { [Function: Deferred] exceptionHook: [Function] },\n-      when: [Function: when],\n-      readyException: [Function],\n-      readyWait: 0,\n-      holdReady: [Function: holdReady],\n-      ready: { [Function: ready] then: [Function: then] },\n-      hasData: [Function: hasData],\n-      data: [Function: data],\n-      removeData: [Function: removeData],\n-      _data: [Function: _data],\n-      _removeData: [Function: _removeData],\n-      queue: [Function: queue],\n-      dequeue: [Function: dequeue],\n-      _queueHooks: [Function: _queueHooks],\n-      event: \n-       { global: [Object],\n-         add: [Function: add],\n-         remove: [Function: remove],\n-         dispatch: [Function: dispatch],\n-         handlers: [Function: handlers],\n-         addProp: [Function: addProp],\n-         fix: [Function: fix],\n-         special: [Object],\n-         trigger: [Function: trigger],\n-         simulate: [Function: simulate] },\n-      removeEvent: [Function],\n-      Event: [Function],\n-      htmlPrefilter: [Function: htmlPrefilter],\n-      clone: [Function: clone],\n-      cleanData: [Function: cleanData],\n-      cssHooks: \n-       { opacity: [Object],\n-         height: [Object],\n-         width: [Object],\n-         marginLeft: [Object],\n-         margin: [Object],\n-         padding: [Object],\n-         borderWidth: [Object],\n-         top: [Object],\n-         left: [Object] },\n-      cssNumber: \n-       { animationIterationCount: true,\n-         columnCount: true,\n-         fillOpacity: true,\n-         flexGrow: true,\n-         flexShrink: true,\n-         fontWeight: true,\n-         lineHeight: true,\n-         opacity: true,\n-         order: true,\n-         orphans: true,\n-         widows: true,\n-         zIndex: true,\n-         zoom: true },\n-      cssProps: \n-       { float: 'cssFloat',\n-         width: 'width',\n-         display: 'display',\n-         boxSizing: 'boxSizing',\n-         height: 'height',\n-         overflow: 'overflow',\n-         overflowY: 'overflowY',\n-         overflowX: 'overflowX',\n-         visibility: 'visibility',\n-         position: 'position',\n-         backgroundColor: 'backgroundColor',\n-         border: 'border',\n-         paddingRight: 'paddingRight',\n-         borderRightWidth: 'borderRightWidth',\n-         paddingLeft: 'paddingLeft',\n-         borderLeftWidth: 'borderLeftWidth',\n-         paddingTop: 'paddingTop',\n-         borderTopWidth: 'borderTopWidth',\n-         paddingBottom: 'paddingBottom',\n-         borderBottomWidth: 'borderBottomWidth' },\n-      style: [Function: style],\n-      css: [Function: css],\n-      Tween: { [Function: Tween] propHooks: [Object] },\n-      easing: \n-       { linear: [Function: linear],\n-         swing: [Function: swing],\n-         _default: 'swing' },\n-      fx: \n-       { [Function: init]\n-         step: {},\n-         tick: [Function],\n-         timer: [Function],\n-         interval: 13,\n-         start: [Function],\n-         stop: [Function],\n-         speeds: [Object] },\n-      Animation: \n-       { [Function: Animation]\n-         tweeners: [Object],\n-         tweener: [Function: tweener],\n-         prefilters: [Object],\n-         prefilter: [Function: prefilter] },\n-      speed: [Function],\n-      timers: [],\n-      attr: [Function: attr],\n-      attrHooks: { type: [Object] },\n-      removeAttr: [Function: removeAttr],\n-      prop: [Function: prop],\n-      propHooks: { tabIndex: [Object] },\n-      propFix: \n-       { for: 'htmlFor',\n-         class: 'className',\n-         tabindex: 'tabIndex',\n-         readonly: 'readOnly',\n-         maxlength: 'maxLength',\n-         cellspacing: 'cellSpacing',\n-         cellpadding: 'cellPadding',\n-         rowspan: 'rowSpan',\n-         colspan: 'colSpan',\n-         usemap: 'useMap',\n-         frameborder: 'frameBorder',\n-         contenteditable: 'contentEditable' },\n-      valHooks: \n-       { option: [Object],\n-         select: [Object],\n-         radio: [Object],\n-         checkbox: [Object] },\n-      parseXML: [Function],\n-      param: [Function],\n-      active: 0,\n-      lastModified: {},\n-      etag: {},\n-      ajaxSettings: \n-       { url: 'http://localhost:65482/__/#/tests/integration/project.spec.js',\n-         type: 'GET',\n-         isLocal: false,\n-         global: true,\n-         processData: true,\n-         async: true,\n-         contentType: 'application/x-www-form-urlencoded; charset=UTF-8',\n-         accepts: [Object],\n-         contents: [Object],\n-         responseFields: [Object],\n-         converters: [Object],\n-         flatOptions: [Object],\n-         xhr: [Function],\n-         jsonp: 'callback',\n-         jsonpCallback: [Function: jsonpCallback],\n-         cache: false },\n-      ajaxSetup: [Function: ajaxSetup],\n-      ajaxPrefilter: [Function],\n-      ajaxTransport: [Function],\n-      ajax: [Function: ajax],\n-      getJSON: [Function: getJSON],\n-      getScript: [Function: getScript],\n-      get: [Function],\n-      post: [Function],\n-      _evalUrl: [Function],\n-      parseHTML: [Function],\n-      offset: { setOffset: [Function: setOffset] },\n-      parseJSON: [Function: parse],\n-      noConflict: [Function],\n-      scrollTo: { [Function] defaults: [Object], max: [Function] } },\n-   toArray: [Function: toArray],\n-   get: [Function: get],\n-   pushStack: [Function: pushStack],\n-   each: [Function: each],\n-   map: [Function: map],\n-   slice: [Function: slice],\n-   first: [Function: first],\n-   last: [Function: last],\n-   eq: [Function: eq],\n-   end: [Function: end],\n-   push: [Function: push],\n-   sort: [Function: sort],\n-   splice: [Function: splice],\n-   extend: [Function],\n-   find: [Function: find],\n-   filter: [Function: filter],\n-   not: [Function: not],\n-   is: [Function: is],\n-   init: [Function],\n-   has: [Function: has],\n-   closest: [Function: closest],\n-   index: [Function: index],\n-   add: [Function: add],\n-   addBack: [Function: addBack],\n-   parent: [Function],\n-   parents: [Function],\n-   parentsUntil: [Function],\n-   next: [Function],\n-   prev: [Function],\n-   nextAll: [Function],\n-   prevAll: [Function],\n-   nextUntil: [Function],\n-   prevUntil: [Function],\n-   siblings: [Function],\n-   children: [Function],\n-   contents: [Function],\n-   ready: [Function],\n-   data: [Function: data],\n-   removeData: [Function: removeData],\n-   queue: [Function: queue],\n-   dequeue: [Function: dequeue],\n-   clearQueue: [Function: clearQueue],\n-   promise: [Function: promise],\n-   show: [Function],\n-   hide: [Function],\n-   toggle: [Function],\n-   on: [Function: on],\n-   one: [Function: one],\n-   off: [Function: off],\n-   detach: [Function: detach],\n-   remove: [Function: remove],\n-   text: [Function: text],\n-   append: [Function: append],\n-   prepend: [Function: prepend],\n-   before: [Function: before],\n-   after: [Function: after],\n-   empty: [Function: empty],\n-   clone: [Function: clone],\n-   html: [Function: html],\n-   replaceWith: [Function: replaceWith],\n-   appendTo: [Function],\n-   prependTo: [Function],\n-   insertBefore: [Function],\n-   insertAfter: [Function],\n-   replaceAll: [Function],\n-   css: [Function: css],\n-   fadeTo: [Function: fadeTo],\n-   animate: [Function: animate],\n-   stop: [Function: stop],\n-   finish: [Function: finish],\n-   slideDown: [Function],\n-   slideUp: [Function],\n-   slideToggle: [Function],\n-   fadeIn: [Function],\n-   fadeOut: [Function],\n-   fadeToggle: [Function],\n-   delay: [Function],\n-   attr: [Function: attr],\n-   removeAttr: [Function: removeAttr],\n-   prop: [Function: prop],\n-   removeProp: [Function: removeProp],\n-   addClass: [Function: addClass],\n-   removeClass: [Function: removeClass],\n-   toggleClass: [Function: toggleClass],\n-   hasClass: [Function: hasClass],\n-   val: [Function: val],\n-   trigger: [Function: trigger],\n-   triggerHandler: [Function: triggerHandler],\n-   blur: [Function],\n-   focus: [Function],\n-   focusin: [Function],\n-   focusout: [Function],\n-   resize: [Function],\n-   scroll: [Function],\n-   click: [Function],\n-   dblclick: [Function],\n-   mousedown: [Function],\n-   mouseup: [Function],\n-   mousemove: [Function],\n-   mouseover: [Function],\n-   mouseout: [Function],\n-   mouseenter: [Function],\n-   mouseleave: [Function],\n-   change: [Function],\n-   select: [Function],\n-   submit: [Function],\n-   keydown: [Function],\n-   keypress: [Function],\n-   keyup: [Function],\n-   contextmenu: [Function],\n-   hover: [Function: hover],\n-   serialize: [Function: serialize],\n-   serializeArray: [Function: serializeArray],\n-   wrapAll: [Function: wrapAll],\n-   wrapInner: [Function: wrapInner],\n-   wrap: [Function: wrap],\n-   unwrap: [Function: unwrap],\n-   load: [Function],\n-   ajaxStart: [Function],\n-   ajaxStop: [Function],\n-   ajaxComplete: [Function],\n-   ajaxError: [Function],\n-   ajaxSuccess: [Function],\n-   ajaxSend: [Function],\n-   offset: [Function: offset],\n-   position: [Function: position],\n-   offsetParent: [Function: offsetParent],\n-   scrollLeft: [Function],\n-   scrollTop: [Function],\n-   innerHeight: [Function],\n-   height: [Function],\n-   outerHeight: [Function],\n-   innerWidth: [Function],\n-   width: [Function],\n-   outerWidth: [Function],\n-   bind: [Function: bind],\n-   unbind: [Function: unbind],\n-   delegate: [Function: delegate],\n-   undelegate: [Function: undelegate],\n-   scrollTo: [Function] }\n+ 'selected'\n"
              },
              "uuid": "c197ab3c-9411-4624-bad0-32723b890cf8",
              "parentUUID": "2ccb56fc-1a2c-4cb9-bc31-91b964cf7ad5",
              "isHook": false,
              "skipped": false
            },
            {
              "title": "Verifica se os pixels dentro do quadro não têm a classe `selected` quando são clicados",
              "fullTitle": "7 - Clicar em uma das cores da paleta, faz com que ela seja selecionada e utilizada para preencher os pixels no quadro. Verifica se os pixels dentro do quadro não têm a classe `selected` quando são clicados",
              "timedOut": null,
              "duration": 5149,
              "state": "failed",
              "speed": null,
              "pass": false,
              "fail": true,
              "pending": false,
              "context": null,
              "code": "cy.get('.color').each(function (color) {\n  var backgroundColor = color.css('background-color');\n  cy.wrap(color).click();\n  cy.get('.pixel').each(function (pixel) {\n    cy.wrap(pixel).click().should('not.have.class', 'selected');\n  });\n});",
              "err": {
                "message": "CypressError: Timed out retrying: Expected to find element: '.pixel', but never found it.",
                "estack": "CypressError: Timed out retrying: Expected to find element: '.pixel', but never found it.\n    at cypressErr (http://localhost:65482/__cypress/runner/cypress_runner.js:149934:9)\n    at throwErr (http://localhost:65482/__cypress/runner/cypress_runner.js:149867:11)\n    at Object.throwErrByPath (http://localhost:65482/__cypress/runner/cypress_runner.js:149915:3)\n    at retry (http://localhost:65482/__cypress/runner/cypress_runner.js:144197:19)\n    at onFailFn (http://localhost:65482/__cypress/runner/cypress_runner.js:132448:16)\n    at tryCatcher (http://localhost:65482/__cypress/runner/cypress_runner.js:167415:23)\n    at Promise._settlePromiseFromHandler (http://localhost:65482/__cypress/runner/cypress_runner.js:165351:31)\n    at Promise._settlePromise (http://localhost:65482/__cypress/runner/cypress_runner.js:165408:18)\n    at Promise._settlePromise0 (http://localhost:65482/__cypress/runner/cypress_runner.js:165453:10)\n    at Promise._settlePromises (http://localhost:65482/__cypress/runner/cypress_runner.js:165528:18)\n    at Async../node_modules/bluebird/js/release/async.js.Async._drainQueue (http://localhost:65482/__cypress/runner/cypress_runner.js:162140:16)\n    at Async../node_modules/bluebird/js/release/async.js.Async._drainQueues (http://localhost:65482/__cypress/runner/cypress_runner.js:162150:10)\n    at Async.drainQueues (http://localhost:65482/__cypress/runner/cypress_runner.js:162024:14)",
                "diff": null
              },
              "uuid": "9570d657-d16e-48e3-953d-b8a9f3026711",
              "parentUUID": "2ccb56fc-1a2c-4cb9-bc31-91b964cf7ad5",
              "isHook": false,
              "skipped": false
            }
          ],
          "suites": [],
          "passes": [],
          "failures": [
            "c197ab3c-9411-4624-bad0-32723b890cf8",
            "9570d657-d16e-48e3-953d-b8a9f3026711"
          ],
          "pending": [],
          "skipped": [],
          "duration": 6193,
          "root": false,
          "rootEmpty": false,
          "_timeout": 2000
        },
        {
          "uuid": "138f50e0-1d52-41d5-8f49-611c8616c755",
          "title": "8 - Clicar em um pixel dentro do quadro após selecionar uma cor na paleta, faz com que o pixel seja preenchido com a cor selecionada.",
          "fullFile": "",
          "file": "",
          "beforeHooks": [],
          "afterHooks": [],
          "tests": [
            {
              "title": "Verifica se ao carregar a página deve ser possível pintar os pixels de preto",
              "fullTitle": "8 - Clicar em um pixel dentro do quadro após selecionar uma cor na paleta, faz com que o pixel seja preenchido com a cor selecionada. Verifica se ao carregar a página deve ser possível pintar os pixels de preto",
              "timedOut": null,
              "duration": 5108,
              "state": "failed",
              "speed": null,
              "pass": false,
              "fail": true,
              "pending": false,
              "context": null,
              "code": "cy.get('.pixel').each(function (pixel) {\n  cy.wrap(pixel).click().should('have.css', 'background-color', BLACK);\n});",
              "err": {
                "message": "CypressError: Timed out retrying: Expected to find element: '.pixel', but never found it.",
                "estack": "CypressError: Timed out retrying: Expected to find element: '.pixel', but never found it.\n    at cypressErr (http://localhost:65482/__cypress/runner/cypress_runner.js:149934:9)\n    at throwErr (http://localhost:65482/__cypress/runner/cypress_runner.js:149867:11)\n    at Object.throwErrByPath (http://localhost:65482/__cypress/runner/cypress_runner.js:149915:3)\n    at retry (http://localhost:65482/__cypress/runner/cypress_runner.js:144197:19)\n    at onFailFn (http://localhost:65482/__cypress/runner/cypress_runner.js:132448:16)\n    at tryCatcher (http://localhost:65482/__cypress/runner/cypress_runner.js:167415:23)\n    at Promise._settlePromiseFromHandler (http://localhost:65482/__cypress/runner/cypress_runner.js:165351:31)\n    at Promise._settlePromise (http://localhost:65482/__cypress/runner/cypress_runner.js:165408:18)\n    at Promise._settlePromise0 (http://localhost:65482/__cypress/runner/cypress_runner.js:165453:10)\n    at Promise._settlePromises (http://localhost:65482/__cypress/runner/cypress_runner.js:165528:18)\n    at Async../node_modules/bluebird/js/release/async.js.Async._drainQueue (http://localhost:65482/__cypress/runner/cypress_runner.js:162140:16)\n    at Async../node_modules/bluebird/js/release/async.js.Async._drainQueues (http://localhost:65482/__cypress/runner/cypress_runner.js:162150:10)\n    at Async.drainQueues (http://localhost:65482/__cypress/runner/cypress_runner.js:162024:14)",
                "diff": null
              },
              "uuid": "0adac444-d555-47f5-816c-058227da36d2",
              "parentUUID": "138f50e0-1d52-41d5-8f49-611c8616c755",
              "isHook": false,
              "skipped": false
            },
            {
              "title": "Verifica se após selecionar uma outra cor na paleta, é possível pintar os pixels com essa cor",
              "fullTitle": "8 - Clicar em um pixel dentro do quadro após selecionar uma cor na paleta, faz com que o pixel seja preenchido com a cor selecionada. Verifica se após selecionar uma outra cor na paleta, é possível pintar os pixels com essa cor",
              "timedOut": null,
              "duration": 5213,
              "state": "failed",
              "speed": null,
              "pass": false,
              "fail": true,
              "pending": false,
              "context": null,
              "code": "cy.get('.color').each(function (color) {\n  var backgroundColor = color.css('background-color');\n  cy.wrap(color).click();\n  cy.get('.pixel').each(function (pixel) {\n    cy.wrap(pixel).click().should('have.css', 'background-color', backgroundColor);\n  });\n});",
              "err": {
                "message": "CypressError: Timed out retrying: Expected to find element: '.pixel', but never found it.",
                "estack": "CypressError: Timed out retrying: Expected to find element: '.pixel', but never found it.\n    at cypressErr (http://localhost:65482/__cypress/runner/cypress_runner.js:149934:9)\n    at throwErr (http://localhost:65482/__cypress/runner/cypress_runner.js:149867:11)\n    at Object.throwErrByPath (http://localhost:65482/__cypress/runner/cypress_runner.js:149915:3)\n    at retry (http://localhost:65482/__cypress/runner/cypress_runner.js:144197:19)\n    at onFailFn (http://localhost:65482/__cypress/runner/cypress_runner.js:132448:16)\n    at tryCatcher (http://localhost:65482/__cypress/runner/cypress_runner.js:167415:23)\n    at Promise._settlePromiseFromHandler (http://localhost:65482/__cypress/runner/cypress_runner.js:165351:31)\n    at Promise._settlePromise (http://localhost:65482/__cypress/runner/cypress_runner.js:165408:18)\n    at Promise._settlePromise0 (http://localhost:65482/__cypress/runner/cypress_runner.js:165453:10)\n    at Promise._settlePromises (http://localhost:65482/__cypress/runner/cypress_runner.js:165528:18)\n    at Async../node_modules/bluebird/js/release/async.js.Async._drainQueue (http://localhost:65482/__cypress/runner/cypress_runner.js:162140:16)\n    at Async../node_modules/bluebird/js/release/async.js.Async._drainQueues (http://localhost:65482/__cypress/runner/cypress_runner.js:162150:10)\n    at Async.drainQueues (http://localhost:65482/__cypress/runner/cypress_runner.js:162024:14)",
                "diff": null
              },
              "uuid": "6147b978-551d-4f2e-b859-083491742501",
              "parentUUID": "138f50e0-1d52-41d5-8f49-611c8616c755",
              "isHook": false,
              "skipped": false
            },
            {
              "title": "Verifica se somente o pixel que foi clicado foi preenchido com a cor selecionada, sem influenciar na cor dos demais pixels.",
              "fullTitle": "8 - Clicar em um pixel dentro do quadro após selecionar uma cor na paleta, faz com que o pixel seja preenchido com a cor selecionada. Verifica se somente o pixel que foi clicado foi preenchido com a cor selecionada, sem influenciar na cor dos demais pixels.",
              "timedOut": null,
              "duration": 4909,
              "state": "failed",
              "speed": null,
              "pass": false,
              "fail": true,
              "pending": false,
              "context": null,
              "code": "var colorToPixelIndexMap = {\n  0: 6,\n  1: 8,\n  2: 16,\n  3: 18\n};\ncy.get('.color').each(function (color, index) {\n  cy.wrap(color).click();\n  var backgroundColor = color.css('background-color');\n  var clickedPixelIndex = colorToPixelIndexMap[index];\n  cy.get('.pixel').eq(clickedPixelIndex).click();\n  cy.get('.pixel').eq(clickedPixelIndex - 1).should('not.have.css', 'background-color', backgroundColor);\n  cy.get('.pixel').eq(clickedPixelIndex + 1).should('not.have.css', 'background-color', backgroundColor);\n  cy.get('.pixel').eq(clickedPixelIndex - 5).should('not.have.css', 'background-color', backgroundColor);\n  cy.get('.pixel').eq(clickedPixelIndex + 5).should('not.have.css', 'background-color', backgroundColor);\n  cy.get('.pixel').eq(clickedPixelIndex - 6).should('not.have.css', 'background-color', backgroundColor);\n  cy.get('.pixel').eq(clickedPixelIndex - 4).should('not.have.css', 'background-color', backgroundColor);\n  cy.get('.pixel').eq(clickedPixelIndex + 4).should('not.have.css', 'background-color', backgroundColor);\n  cy.get('.pixel').eq(clickedPixelIndex + 6).should('not.have.css', 'background-color', backgroundColor);\n});",
              "err": {
                "message": "CypressError: Timed out retrying: Expected to find element: '.pixel', but never found it.",
                "estack": "CypressError: Timed out retrying: Expected to find element: '.pixel', but never found it.\n    at cypressErr (http://localhost:65482/__cypress/runner/cypress_runner.js:149934:9)\n    at throwErr (http://localhost:65482/__cypress/runner/cypress_runner.js:149867:11)\n    at Object.throwErrByPath (http://localhost:65482/__cypress/runner/cypress_runner.js:149915:3)\n    at retry (http://localhost:65482/__cypress/runner/cypress_runner.js:144197:19)\n    at onFailFn (http://localhost:65482/__cypress/runner/cypress_runner.js:132448:16)\n    at tryCatcher (http://localhost:65482/__cypress/runner/cypress_runner.js:167415:23)\n    at Promise._settlePromiseFromHandler (http://localhost:65482/__cypress/runner/cypress_runner.js:165351:31)\n    at Promise._settlePromise (http://localhost:65482/__cypress/runner/cypress_runner.js:165408:18)\n    at Promise._settlePromise0 (http://localhost:65482/__cypress/runner/cypress_runner.js:165453:10)\n    at Promise._settlePromises (http://localhost:65482/__cypress/runner/cypress_runner.js:165528:18)\n    at Async../node_modules/bluebird/js/release/async.js.Async._drainQueue (http://localhost:65482/__cypress/runner/cypress_runner.js:162140:16)\n    at Async../node_modules/bluebird/js/release/async.js.Async._drainQueues (http://localhost:65482/__cypress/runner/cypress_runner.js:162150:10)\n    at Async.drainQueues (http://localhost:65482/__cypress/runner/cypress_runner.js:162024:14)",
                "diff": null
              },
              "uuid": "04964318-f214-4c9c-98d7-05159d730074",
              "parentUUID": "138f50e0-1d52-41d5-8f49-611c8616c755",
              "isHook": false,
              "skipped": false
            }
          ],
          "suites": [],
          "passes": [],
          "failures": [
            "0adac444-d555-47f5-816c-058227da36d2",
            "6147b978-551d-4f2e-b859-083491742501",
            "04964318-f214-4c9c-98d7-05159d730074"
          ],
          "pending": [],
          "skipped": [],
          "duration": 15230,
          "root": false,
          "rootEmpty": false,
          "_timeout": 2000
        },
        {
          "uuid": "52d7497a-1e2a-4ba0-83d9-e3f22bdb1ae3",
          "title": "9 - Crie um botão que, ao ser clicado, limpa o quadro preenchendo a cor de todos seus pixels com branco.",
          "fullFile": "",
          "file": "",
          "beforeHooks": [],
          "afterHooks": [],
          "tests": [
            {
              "title": "Verifica se o botão tem o `id` denominado `clear-board`",
              "fullTitle": "9 - Crie um botão que, ao ser clicado, limpa o quadro preenchendo a cor de todos seus pixels com branco. Verifica se o botão tem o `id` denominado `clear-board`",
              "timedOut": null,
              "duration": 5138,
              "state": "failed",
              "speed": null,
              "pass": false,
              "fail": true,
              "pending": false,
              "context": null,
              "code": "cy.get('#clear-board').should('be.visible');",
              "err": {
                "message": "CypressError: Timed out retrying: Expected to find element: '#clear-board', but never found it.",
                "estack": "CypressError: Timed out retrying: Expected to find element: '#clear-board', but never found it.\n    at cypressErr (http://localhost:65482/__cypress/runner/cypress_runner.js:149934:9)\n    at throwErr (http://localhost:65482/__cypress/runner/cypress_runner.js:149867:11)\n    at Object.throwErrByPath (http://localhost:65482/__cypress/runner/cypress_runner.js:149915:3)\n    at retry (http://localhost:65482/__cypress/runner/cypress_runner.js:144197:19)\n    at onFailFn (http://localhost:65482/__cypress/runner/cypress_runner.js:132448:16)\n    at tryCatcher (http://localhost:65482/__cypress/runner/cypress_runner.js:167415:23)\n    at Promise._settlePromiseFromHandler (http://localhost:65482/__cypress/runner/cypress_runner.js:165351:31)\n    at Promise._settlePromise (http://localhost:65482/__cypress/runner/cypress_runner.js:165408:18)\n    at Promise._settlePromise0 (http://localhost:65482/__cypress/runner/cypress_runner.js:165453:10)\n    at Promise._settlePromises (http://localhost:65482/__cypress/runner/cypress_runner.js:165528:18)\n    at Async../node_modules/bluebird/js/release/async.js.Async._drainQueue (http://localhost:65482/__cypress/runner/cypress_runner.js:162140:16)\n    at Async../node_modules/bluebird/js/release/async.js.Async._drainQueues (http://localhost:65482/__cypress/runner/cypress_runner.js:162150:10)\n    at Async.drainQueues (http://localhost:65482/__cypress/runner/cypress_runner.js:162024:14)",
                "diff": null
              },
              "uuid": "d5fcf731-c504-452d-b26c-b3e88214263f",
              "parentUUID": "52d7497a-1e2a-4ba0-83d9-e3f22bdb1ae3",
              "isHook": false,
              "skipped": false
            },
            {
              "title": "Verifica se o botão está posicionado entre a paleta de cores e o quadro de pixels",
              "fullTitle": "9 - Crie um botão que, ao ser clicado, limpa o quadro preenchendo a cor de todos seus pixels com branco. Verifica se o botão está posicionado entre a paleta de cores e o quadro de pixels",
              "timedOut": null,
              "duration": 4944,
              "state": "failed",
              "speed": null,
              "pass": false,
              "fail": true,
              "pending": false,
              "context": null,
              "code": "cy.get('#color-palette').then(function (palette) {\n  cy.get('#clear-board').should('be.belowOf', palette);\n});\ncy.get('#clear-board').then(function (clearBtn) {\n  cy.get('#pixel-board').should('be.belowOf', clearBtn);\n});",
              "err": {
                "message": "CypressError: Timed out retrying: Expected to find element: '#clear-board', but never found it.",
                "estack": "CypressError: Timed out retrying: Expected to find element: '#clear-board', but never found it.\n    at cypressErr (http://localhost:65482/__cypress/runner/cypress_runner.js:149934:9)\n    at throwErr (http://localhost:65482/__cypress/runner/cypress_runner.js:149867:11)\n    at Object.throwErrByPath (http://localhost:65482/__cypress/runner/cypress_runner.js:149915:3)\n    at retry (http://localhost:65482/__cypress/runner/cypress_runner.js:144197:19)\n    at onFailFn (http://localhost:65482/__cypress/runner/cypress_runner.js:132448:16)\n    at tryCatcher (http://localhost:65482/__cypress/runner/cypress_runner.js:167415:23)\n    at Promise._settlePromiseFromHandler (http://localhost:65482/__cypress/runner/cypress_runner.js:165351:31)\n    at Promise._settlePromise (http://localhost:65482/__cypress/runner/cypress_runner.js:165408:18)\n    at Promise._settlePromise0 (http://localhost:65482/__cypress/runner/cypress_runner.js:165453:10)\n    at Promise._settlePromises (http://localhost:65482/__cypress/runner/cypress_runner.js:165528:18)\n    at Async../node_modules/bluebird/js/release/async.js.Async._drainQueue (http://localhost:65482/__cypress/runner/cypress_runner.js:162140:16)\n    at Async../node_modules/bluebird/js/release/async.js.Async._drainQueues (http://localhost:65482/__cypress/runner/cypress_runner.js:162150:10)\n    at Async.drainQueues (http://localhost:65482/__cypress/runner/cypress_runner.js:162024:14)",
                "diff": null
              },
              "uuid": "bddbfe6d-49e7-45e4-a2fc-b5336f4882ca",
              "parentUUID": "52d7497a-1e2a-4ba0-83d9-e3f22bdb1ae3",
              "isHook": false,
              "skipped": false
            },
            {
              "title": "Verifica se o texto do botão é 'Limpar'",
              "fullTitle": "9 - Crie um botão que, ao ser clicado, limpa o quadro preenchendo a cor de todos seus pixels com branco. Verifica se o texto do botão é 'Limpar'",
              "timedOut": null,
              "duration": 5024,
              "state": "failed",
              "speed": null,
              "pass": false,
              "fail": true,
              "pending": false,
              "context": null,
              "code": "cy.get('#clear-board').should('contain.text', 'Limpar');",
              "err": {
                "message": "CypressError: Timed out retrying: Expected to find element: '#clear-board', but never found it.",
                "estack": "CypressError: Timed out retrying: Expected to find element: '#clear-board', but never found it.\n    at cypressErr (http://localhost:65482/__cypress/runner/cypress_runner.js:149934:9)\n    at throwErr (http://localhost:65482/__cypress/runner/cypress_runner.js:149867:11)\n    at Object.throwErrByPath (http://localhost:65482/__cypress/runner/cypress_runner.js:149915:3)\n    at retry (http://localhost:65482/__cypress/runner/cypress_runner.js:144197:19)\n    at onFailFn (http://localhost:65482/__cypress/runner/cypress_runner.js:132448:16)\n    at tryCatcher (http://localhost:65482/__cypress/runner/cypress_runner.js:167415:23)\n    at Promise._settlePromiseFromHandler (http://localhost:65482/__cypress/runner/cypress_runner.js:165351:31)\n    at Promise._settlePromise (http://localhost:65482/__cypress/runner/cypress_runner.js:165408:18)\n    at Promise._settlePromise0 (http://localhost:65482/__cypress/runner/cypress_runner.js:165453:10)\n    at Promise._settlePromises (http://localhost:65482/__cypress/runner/cypress_runner.js:165528:18)\n    at Async../node_modules/bluebird/js/release/async.js.Async._drainQueue (http://localhost:65482/__cypress/runner/cypress_runner.js:162140:16)\n    at Async../node_modules/bluebird/js/release/async.js.Async._drainQueues (http://localhost:65482/__cypress/runner/cypress_runner.js:162150:10)\n    at Async.drainQueues (http://localhost:65482/__cypress/runner/cypress_runner.js:162024:14)",
                "diff": null
              },
              "uuid": "2033d1b9-a06b-47a9-a394-943cfcf19514",
              "parentUUID": "52d7497a-1e2a-4ba0-83d9-e3f22bdb1ae3",
              "isHook": false,
              "skipped": false
            },
            {
              "title": "Verifica se ao clicar no botão, o quadro de pixels é totalmente preenchido de branco",
              "fullTitle": "9 - Crie um botão que, ao ser clicado, limpa o quadro preenchendo a cor de todos seus pixels com branco. Verifica se ao clicar no botão, o quadro de pixels é totalmente preenchido de branco",
              "timedOut": null,
              "duration": 5093,
              "state": "failed",
              "speed": null,
              "pass": false,
              "fail": true,
              "pending": false,
              "context": null,
              "code": "cy.get('.color').eq(1).then(function (color) {\n  var backgroundColor = color.css('background-color');\n  cy.wrap(color).click();\n  cy.get('.pixel').each(function (pixel) {\n    cy.wrap(pixel).click().should('have.css', 'background-color', backgroundColor);\n  });\n});\ncy.get('#clear-board').click();\ncy.get('.pixel').each(function (pixel) {\n  cy.wrap(pixel).should('have.css', 'background-color', WHITE);\n});",
              "err": {
                "message": "CypressError: Timed out retrying: Expected to find element: '.pixel', but never found it.",
                "estack": "CypressError: Timed out retrying: Expected to find element: '.pixel', but never found it.\n    at cypressErr (http://localhost:65482/__cypress/runner/cypress_runner.js:149934:9)\n    at throwErr (http://localhost:65482/__cypress/runner/cypress_runner.js:149867:11)\n    at Object.throwErrByPath (http://localhost:65482/__cypress/runner/cypress_runner.js:149915:3)\n    at retry (http://localhost:65482/__cypress/runner/cypress_runner.js:144197:19)\n    at onFailFn (http://localhost:65482/__cypress/runner/cypress_runner.js:132448:16)\n    at tryCatcher (http://localhost:65482/__cypress/runner/cypress_runner.js:167415:23)\n    at Promise._settlePromiseFromHandler (http://localhost:65482/__cypress/runner/cypress_runner.js:165351:31)\n    at Promise._settlePromise (http://localhost:65482/__cypress/runner/cypress_runner.js:165408:18)\n    at Promise._settlePromise0 (http://localhost:65482/__cypress/runner/cypress_runner.js:165453:10)\n    at Promise._settlePromises (http://localhost:65482/__cypress/runner/cypress_runner.js:165528:18)\n    at Async../node_modules/bluebird/js/release/async.js.Async._drainQueue (http://localhost:65482/__cypress/runner/cypress_runner.js:162140:16)\n    at Async../node_modules/bluebird/js/release/async.js.Async._drainQueues (http://localhost:65482/__cypress/runner/cypress_runner.js:162150:10)\n    at Async.drainQueues (http://localhost:65482/__cypress/runner/cypress_runner.js:162024:14)",
                "diff": null
              },
              "uuid": "1b1535e7-2397-40f8-a2f7-afa7dcd6724b",
              "parentUUID": "52d7497a-1e2a-4ba0-83d9-e3f22bdb1ae3",
              "isHook": false,
              "skipped": false
            }
          ],
          "suites": [],
          "passes": [],
          "failures": [
            "d5fcf731-c504-452d-b26c-b3e88214263f",
            "bddbfe6d-49e7-45e4-a2fc-b5336f4882ca",
            "2033d1b9-a06b-47a9-a394-943cfcf19514",
            "1b1535e7-2397-40f8-a2f7-afa7dcd6724b"
          ],
          "pending": [],
          "skipped": [],
          "duration": 20199,
          "root": false,
          "rootEmpty": false,
[...]
                "diff": null
              },
              "uuid": "9c8749f6-74b7-4229-b226-0fff307cc527",
              "parentUUID": "17471dac-486d-43f2-bf7c-6407ff147a79",
              "isHook": false,
              "skipped": false
            },
            {
              "title": "Verifica se o novo quadro tem todos os pixels preenchidos com a cor branca",
              "fullTitle": "10 - Faça o quadro de pixels ter seu tamanho definido pelo usuário. Verifica se o novo quadro tem todos os pixels preenchidos com a cor branca",
              "timedOut": null,
              "duration": 4961,
              "state": "failed",
              "speed": null,
              "pass": false,
              "fail": true,
              "pending": false,
              "context": null,
              "code": "cy.get('#board-size').clear().type(6);\ncy.get('#generate-board').click();\ncy.get('.pixel').should('have.length', 36).each(function (pixel) {\n  expect(pixel).to.have.css('background-color', WHITE);\n});",
              "err": {
                "message": "CypressError: Timed out retrying: Expected to find element: '#board-size', but never found it.",
                "estack": "CypressError: Timed out retrying: Expected to find element: '#board-size', but never found it.\n    at cypressErr (http://localhost:65482/__cypress/runner/cypress_runner.js:149934:9)\n    at throwErr (http://localhost:65482/__cypress/runner/cypress_runner.js:149867:11)\n    at Object.throwErrByPath (http://localhost:65482/__cypress/runner/cypress_runner.js:149915:3)\n    at retry (http://localhost:65482/__cypress/runner/cypress_runner.js:144197:19)\n    at onFailFn (http://localhost:65482/__cypress/runner/cypress_runner.js:132448:16)\n    at tryCatcher (http://localhost:65482/__cypress/runner/cypress_runner.js:167415:23)\n    at Promise._settlePromiseFromHandler (http://localhost:65482/__cypress/runner/cypress_runner.js:165351:31)\n    at Promise._settlePromise (http://localhost:65482/__cypress/runner/cypress_runner.js:165408:18)\n    at Promise._settlePromise0 (http://localhost:65482/__cypress/runner/cypress_runner.js:165453:10)\n    at Promise._settlePromises (http://localhost:65482/__cypress/runner/cypress_runner.js:165528:18)\n    at Async../node_modules/bluebird/js/release/async.js.Async._drainQueue (http://localhost:65482/__cypress/runner/cypress_runner.js:162140:16)\n    at Async../node_modules/bluebird/js/release/async.js.Async._drainQueues (http://localhost:65482/__cypress/runner/cypress_runner.js:162150:10)\n    at Async.drainQueues (http://localhost:65482/__cypress/runner/cypress_runner.js:162024:14)",
                "diff": null
              },
              "uuid": "05678fb0-3f1a-4e4c-9958-db0b7298de07",
              "parentUUID": "17471dac-486d-43f2-bf7c-6407ff147a79",
              "isHook": false,
              "skipped": false
            }
          ],
          "suites": [],
          "passes": [],
          "failures": [
            "18b39a39-f0ea-4bf4-b385-8345b53dcd8e",
            "f0861813-960c-4a5a-abee-768ca421ad15",
            "02292340-337b-4c56-88e0-b9cf9ebda79a",
            "12823856-977a-48fe-972f-7b69aa4a02d3",
            "44a5d901-dda1-4ffd-bdde-8ed825e5b4d3",
            "6cf0a6f6-ba06-4044-a620-8b2377201e73",
            "4f809aea-c6eb-4bc0-89bb-3ad663751680",
            "9c8749f6-74b7-4229-b226-0fff307cc527",
            "05678fb0-3f1a-4e4c-9958-db0b7298de07"
          ],
          "pending": [],
          "skipped": [],
          "duration": 46992,
          "root": false,
          "rootEmpty": false,
          "_timeout": 2000
        },
        {
          "uuid": "b6f14ac8-4de0-4177-85c9-d76720373c90",
          "title": "11 - Limite o tamanho mínimo e máximo do board.",
          "fullFile": "",
          "file": "",
          "beforeHooks": [],
          "afterHooks": [],
          "tests": [
            {
              "title": "Verifica se a altura máxima do board é 50",
              "fullTitle": "11 - Limite o tamanho mínimo e máximo do board. Verifica se a altura máxima do board é 50",
              "timedOut": null,
              "duration": 4817,
              "state": "failed",
              "speed": null,
              "pass": false,
              "fail": true,
              "pending": false,
              "context": null,
              "code": "cy.get('#board-size').clear().type(50);\ncy.get('#generate-board').click();\ncy.get('.pixel').should('have.length', 2500);",
              "err": {
                "message": "CypressError: Timed out retrying: Expected to find element: '#board-size', but never found it.",
                "estack": "CypressError: Timed out retrying: Expected to find element: '#board-size', but never found it.\n    at cypressErr (http://localhost:65482/__cypress/runner/cypress_runner.js:149934:9)\n    at throwErr (http://localhost:65482/__cypress/runner/cypress_runner.js:149867:11)\n    at Object.throwErrByPath (http://localhost:65482/__cypress/runner/cypress_runner.js:149915:3)\n    at retry (http://localhost:65482/__cypress/runner/cypress_runner.js:144197:19)\n    at onFailFn (http://localhost:65482/__cypress/runner/cypress_runner.js:132448:16)\n    at tryCatcher (http://localhost:65482/__cypress/runner/cypress_runner.js:167415:23)\n    at Promise._settlePromiseFromHandler (http://localhost:65482/__cypress/runner/cypress_runner.js:165351:31)\n    at Promise._settlePromise (http://localhost:65482/__cypress/runner/cypress_runner.js:165408:18)\n    at Promise._settlePromise0 (http://localhost:65482/__cypress/runner/cypress_runner.js:165453:10)\n    at Promise._settlePromises (http://localhost:65482/__cypress/runner/cypress_runner.js:165528:18)\n    at Async../node_modules/bluebird/js/release/async.js.Async._drainQueue (http://localhost:65482/__cypress/runner/cypress_runner.js:162140:16)\n    at Async../node_modules/bluebird/js/release/async.js.Async._drainQueues (http://localhost:65482/__cypress/runner/cypress_runner.js:162150:10)\n    at Async.drainQueues (http://localhost:65482/__cypress/runner/cypress_runner.js:162024:14)",
                "diff": null
              },
              "uuid": "47cfc9bd-c069-4ac5-8914-2088a22bef1b",
              "parentUUID": "b6f14ac8-4de0-4177-85c9-d76720373c90",
              "isHook": false,
              "skipped": false
            },
            {
              "title": "Verifica se a altura do board é 5 quando um valor menor é colocado no input",
              "fullTitle": "11 - Limite o tamanho mínimo e máximo do board. Verifica se a altura do board é 5 quando um valor menor é colocado no input",
              "timedOut": null,
              "duration": 4827,
              "state": "failed",
              "speed": null,
              "pass": false,
              "fail": true,
              "pending": false,
              "context": null,
              "code": "cy.get('#board-size').clear().type(4);\ncy.get('#generate-board').click();\ncy.get('.pixel').should('have.length', 25);",
              "err": {
                "message": "CypressError: Timed out retrying: Expected to find element: '#board-size', but never found it.",
                "estack": "CypressError: Timed out retrying: Expected to find element: '#board-size', but never found it.\n    at cypressErr (http://localhost:65482/__cypress/runner/cypress_runner.js:149934:9)\n    at throwErr (http://localhost:65482/__cypress/runner/cypress_runner.js:149867:11)\n    at Object.throwErrByPath (http://localhost:65482/__cypress/runner/cypress_runner.js:149915:3)\n    at retry (http://localhost:65482/__cypress/runner/cypress_runner.js:144197:19)\n    at onFailFn (http://localhost:65482/__cypress/runner/cypress_runner.js:132448:16)\n    at tryCatcher (http://localhost:65482/__cypress/runner/cypress_runner.js:167415:23)\n    at Promise._settlePromiseFromHandler (http://localhost:65482/__cypress/runner/cypress_runner.js:165351:31)\n    at Promise._settlePromise (http://localhost:65482/__cypress/runner/cypress_runner.js:165408:18)\n    at Promise._settlePromise0 (http://localhost:65482/__cypress/runner/cypress_runner.js:165453:10)\n    at Promise._settlePromises (http://localhost:65482/__cypress/runner/cypress_runner.js:165528:18)\n    at Async../node_modules/bluebird/js/release/async.js.Async._drainQueue (http://localhost:65482/__cypress/runner/cypress_runner.js:162140:16)\n    at Async../node_modules/bluebird/js/release/async.js.Async._drainQueues (http://localhost:65482/__cypress/runner/cypress_runner.js:162150:10)\n    at Async.drainQueues (http://localhost:65482/__cypress/runner/cypress_runner.js:162024:14)",
                "diff": null
              },
              "uuid": "fcf44e32-9b62-470e-93d4-8c8c1883b16f",
              "parentUUID": "b6f14ac8-4de0-4177-85c9-d76720373c90",
              "isHook": false,
              "skipped": false
            },
            {
              "title": "Verifica se a altura do board é 50 quando um valor maior é colocado no input",
              "fullTitle": "11 - Limite o tamanho mínimo e máximo do board. Verifica se a altura do board é 50 quando um valor maior é colocado no input",
              "timedOut": null,
              "duration": 4948,
              "state": "failed",
              "speed": null,
              "pass": false,
              "fail": true,
              "pending": false,
              "context": null,
              "code": "cy.get('#board-size').clear().type(51);\ncy.get('#generate-board').click();\ncy.get('.pixel').should('have.length', 2500);",
              "err": {
                "message": "CypressError: Timed out retrying: Expected to find element: '#board-size', but never found it.",
                "estack": "CypressError: Timed out retrying: Expected to find element: '#board-size', but never found it.\n    at cypressErr (http://localhost:65482/__cypress/runner/cypress_runner.js:149934:9)\n    at throwErr (http://localhost:65482/__cypress/runner/cypress_runner.js:149867:11)\n    at Object.throwErrByPath (http://localhost:65482/__cypress/runner/cypress_runner.js:149915:3)\n    at retry (http://localhost:65482/__cypress/runner/cypress_runner.js:144197:19)\n    at onFailFn (http://localhost:65482/__cypress/runner/cypress_runner.js:132448:16)\n    at tryCatcher (http://localhost:65482/__cypress/runner/cypress_runner.js:167415:23)\n    at Promise._settlePromiseFromHandler (http://localhost:65482/__cypress/runner/cypress_runner.js:165351:31)\n    at Promise._settlePromise (http://localhost:65482/__cypress/runner/cypress_runner.js:165408:18)\n    at Promise._settlePromise0 (http://localhost:65482/__cypress/runner/cypress_runner.js:165453:10)\n    at Promise._settlePromises (http://localhost:65482/__cypress/runner/cypress_runner.js:165528:18)\n    at Async../node_modules/bluebird/js/release/async.js.Async._drainQueue (http://localhost:65482/__cypress/runner/cypress_runner.js:162140:16)\n    at Async../node_modules/bluebird/js/release/async.js.Async._drainQueues (http://localhost:65482/__cypress/runner/cypress_runner.js:162150:10)\n    at Async.drainQueues (http://localhost:65482/__cypress/runner/cypress_runner.js:162024:14)",
                "diff": null
              },
              "uuid": "1efe1e32-ae14-442f-9071-fd36ada2fccc",
              "parentUUID": "b6f14ac8-4de0-4177-85c9-d76720373c90",
              "isHook": false,
              "skipped": false
            }
          ],
          "suites": [],
          "passes": [],
          "failures": [
            "47cfc9bd-c069-4ac5-8914-2088a22bef1b",
            "fcf44e32-9b62-470e-93d4-8c8c1883b16f",
            "1efe1e32-ae14-442f-9071-fd36ada2fccc"
          ],
          "pending": [],
          "skipped": [],
          "duration": 14592,
          "root": false,
          "rootEmpty": false,
          "_timeout": 2000
        },
        {
          "uuid": "59df7882-89c1-4c66-a357-b015ecf5f805",
          "title": "12 - Faça com que as cores da paleta sejam geradas aleatoriamente ao carregar a página.",
          "fullFile": "",
          "file": "",
          "beforeHooks": [],
          "afterHooks": [],
          "tests": [
            {
              "title": "Verifica se as cores geradas na paleta são diferentes a cada carregamento da página",
              "fullTitle": "12 - Faça com que as cores da paleta sejam geradas aleatoriamente ao carregar a página. Verifica se as cores geradas na paleta são diferentes a cada carregamento da página",
              "timedOut": null,
              "duration": 1249,
              "state": "failed",
              "speed": null,
              "pass": false,
              "fail": true,
              "pending": false,
              "context": null,
              "code": "cy.get('.color').then(function (colors) {\n  var currentColors;\n  var previousColors;\n  previousColors = Array.from(colors).map(function (color) {\n    return Cypress.$(color).css('background-color');\n  });\n  for (var i = 0; i < 5; i += 1) {\n    cy.reload();\n    cy.get('.color').then(function (colors) {\n      currentColors = Array.from(colors).map(function (color) {\n        return Cypress.$(color).css('background-color');\n      });\n      expect(currentColors).not.to.deep.equal(previousColors);\n      previousColors = currentColors;\n    });\n  }\n});",
              "err": {
                "message": "AssertionError: expected [ Array(4) ] to not deeply equal [ Array(4) ]",
                "estack": "AssertionError: expected [ Array(4) ] to not deeply equal [ Array(4) ]\n    at getRet (http://localhost:65482/__cypress/runner/cypress_runner.js:136585:16)\n    at tryCatcher (http://localhost:65482/__cypress/runner/cypress_runner.js:167415:23)\n    at Function.Promise.attempt.Promise.try (http://localhost:65482/__cypress/runner/cypress_runner.js:164690:29)\n    at Context.thenFn (http://localhost:65482/__cypress/runner/cypress_runner.js:136599:23)\n    at Context.then (http://localhost:65482/__cypress/runner/cypress_runner.js:136971:21)\n    at Context.<anonymous> (http://localhost:65482/__cypress/runner/cypress_runner.js:148875:21)\n    at http://localhost:65482/__cypress/runner/cypress_runner.js:148351:33\n    at tryCatcher (http://localhost:65482/__cypress/runner/cypress_runner.js:167415:23)\n    at Promise._settlePromiseFromHandler (http://localhost:65482/__cypress/runner/cypress_runner.js:165351:31)\n    at Promise._settlePromise (http://localhost:65482/__cypress/runner/cypress_runner.js:165408:18)\n    at Promise._settlePromiseCtx (http://localhost:65482/__cypress/runner/cypress_runner.js:165445:10)\n    at Async../node_modules/bluebird/js/release/async.js.Async._drainQueue (http://localhost:65482/__cypress/runner/cypress_runner.js:162145:12)\n    at Async../node_modules/bluebird/js/release/async.js.Async._drainQueues (http://localhost:65482/__cypress/runner/cypress_runner.js:162150:10)\n    at Async.drainQueues (http://localhost:65482/__cypress/runner/cypress_runner.js:162024:14)",
                "diff": ""
              },
              "uuid": "4b9adc77-97c2-4190-be56-9e8598c7683b",
              "parentUUID": "59df7882-89c1-4c66-a357-b015ecf5f805",
              "isHook": false,
              "skipped": false
            },
            {
              "title": "Verifica se a cor preta ainda está presente e é a primeira na sua paleta de cores",
              "fullTitle": "12 - Faça com que as cores da paleta sejam geradas aleatoriamente ao carregar a página. Verifica se a cor preta ainda está presente e é a primeira na sua paleta de cores",
              "timedOut": null,
              "duration": 1356,
              "state": "failed",
              "speed": null,
              "pass": false,
              "fail": true,
              "pending": false,
              "context": null,
              "code": "cy.get('.color').then(function (colors) {\n  var currentColors;\n  var previousColors;\n  previousColors = Array.from(colors).map(function (color) {\n    return Cypress.$(color).css('background-color');\n  });\n  expect(previousColors[0]).to.eq(BLACK);\n  for (var i = 0; i < 5; i += 1) {\n    cy.reload();\n    cy.get('.color').then(function (colors) {\n      currentColors = Array.from(colors).map(function (color) {\n        return Cypress.$(color).css('background-color');\n      });\n      expect(currentColors[0]).to.eq(BLACK);\n      expect(currentColors).not.to.deep.equal(previousColors);\n      previousColors = currentColors;\n    });\n  }\n});",
              "err": {
                "message": "AssertionError: expected [ Array(4) ] to not deeply equal [ Array(4) ]",
                "estack": "AssertionError: expected [ Array(4) ] to not deeply equal [ Array(4) ]\n    at getRet (http://localhost:65482/__cypress/runner/cypress_runner.js:136585:16)\n    at tryCatcher (http://localhost:65482/__cypress/runner/cypress_runner.js:167415:23)\n    at Function.Promise.attempt.Promise.try (http://localhost:65482/__cypress/runner/cypress_runner.js:164690:29)\n    at Context.thenFn (http://localhost:65482/__cypress/runner/cypress_runner.js:136599:23)\n    at Context.then (http://localhost:65482/__cypress/runner/cypress_runner.js:136971:21)\n    at Context.<anonymous> (http://localhost:65482/__cypress/runner/cypress_runner.js:148875:21)\n    at http://localhost:65482/__cypress/runner/cypress_runner.js:148351:33\n    at tryCatcher (http://localhost:65482/__cypress/runner/cypress_runner.js:167415:23)\n    at Promise._settlePromiseFromHandler (http://localhost:65482/__cypress/runner/cypress_runner.js:165351:31)\n    at Promise._settlePromise (http://localhost:65482/__cypress/runner/cypress_runner.js:165408:18)\n    at Promise._settlePromiseCtx (http://localhost:65482/__cypress/runner/cypress_runner.js:165445:10)\n    at Async../node_modules/bluebird/js/release/async.js.Async._drainQueue (http://localhost:65482/__cypress/runner/cypress_runner.js:162145:12)\n    at Async../node_modules/bluebird/js/release/async.js.Async._drainQueues (http://localhost:65482/__cypress/runner/cypress_runner.js:162150:10)\n    at Async.drainQueues (http://localhost:65482/__cypress/runner/cypress_runner.js:162024:14)",
                "diff": ""
              },
              "uuid": "5d3ee922-0598-4f88-b5b0-2231607e54fe",
              "parentUUID": "59df7882-89c1-4c66-a357-b015ecf5f805",
              "isHook": false,
              "skipped": false
            }
          ],
          "suites": [],
          "passes": [],
          "failures": [
            "4b9adc77-97c2-4190-be56-9e8598c7683b",
            "5d3ee922-0598-4f88-b5b0-2231607e54fe"
          ],
          "pending": [],
          "skipped": [],
          "duration": 2605,
          "root": false,
          "rootEmpty": false,
          "_timeout": 2000
        }
      ],
      "passes": [],
      "failures": [],
      "pending": [],
      "skipped": [],
      "duration": 0,
      "root": true,
      "rootEmpty": true,
      "_timeout": 2000
    }
  ],
  "meta": {
    "mocha": {
      "version": "7.0.1"
    },
    "mochawesome": {
      "options": {
        "quiet": false,
        "reportFilename": "mochawesome",
        "saveHtml": false,
        "saveJson": true,
        "consoleReporter": "spec",
        "useInlineDiffs": false
      },
      "version": "4.1.0"
    },
    "marge": {
      "options": {
        "id": "default",
        "reportDir": "cypress/reports",
        "overwrite": true,
        "html": false,
        "json": true
      },
      "version": "4.1.0"
    }
  }
}